14-Sep-2020 00:59:46.372 INFORMAÇÕES [main] org.apache.catalina.startup.VersionLoggerListener.log Server version name:   Apache Tomcat/9.0.37
14-Sep-2020 00:59:46.375 INFORMAÇÕES [main] org.apache.catalina.startup.VersionLoggerListener.log Server built:          Jun 30 2020 20:09:49 UTC
14-Sep-2020 00:59:46.376 INFORMAÇÕES [main] org.apache.catalina.startup.VersionLoggerListener.log Server version number: 9.0.37.0
14-Sep-2020 00:59:46.377 INFORMAÇÕES [main] org.apache.catalina.startup.VersionLoggerListener.log OS Name:               Windows 10
14-Sep-2020 00:59:46.377 INFORMAÇÕES [main] org.apache.catalina.startup.VersionLoggerListener.log OS Version:            10.0
14-Sep-2020 00:59:46.377 INFORMAÇÕES [main] org.apache.catalina.startup.VersionLoggerListener.log Architecture:          amd64
14-Sep-2020 00:59:46.377 INFORMAÇÕES [main] org.apache.catalina.startup.VersionLoggerListener.log Java Home:             C:\Program Files\Java\jre1.8.0_261
14-Sep-2020 00:59:46.377 INFORMAÇÕES [main] org.apache.catalina.startup.VersionLoggerListener.log JVM Version:           1.8.0_261-b12
14-Sep-2020 00:59:46.377 INFORMAÇÕES [main] org.apache.catalina.startup.VersionLoggerListener.log JVM Vendor:            Oracle Corporation
14-Sep-2020 00:59:46.378 INFORMAÇÕES [main] org.apache.catalina.startup.VersionLoggerListener.log CATALINA_BASE:         C:\bin\apache-tomcat-9.0.37
14-Sep-2020 00:59:46.378 INFORMAÇÕES [main] org.apache.catalina.startup.VersionLoggerListener.log CATALINA_HOME:         C:\bin\apache-tomcat-9.0.37
14-Sep-2020 00:59:46.379 INFORMAÇÕES [main] org.apache.catalina.startup.VersionLoggerListener.log Command line argument: -Djava.util.logging.config.file=C:\bin\apache-tomcat-9.0.37\conf\logging.properties
14-Sep-2020 00:59:46.379 INFORMAÇÕES [main] org.apache.catalina.startup.VersionLoggerListener.log Command line argument: -Djava.util.logging.manager=org.apache.juli.ClassLoaderLogManager
14-Sep-2020 00:59:46.379 INFORMAÇÕES [main] org.apache.catalina.startup.VersionLoggerListener.log Command line argument: -Djdk.tls.ephemeralDHKeySize=2048
14-Sep-2020 00:59:46.379 INFORMAÇÕES [main] org.apache.catalina.startup.VersionLoggerListener.log Command line argument: -Djava.protocol.handler.pkgs=org.apache.catalina.webresources
14-Sep-2020 00:59:46.379 INFORMAÇÕES [main] org.apache.catalina.startup.VersionLoggerListener.log Command line argument: -Dignore.endorsed.dirs=
14-Sep-2020 00:59:46.380 INFORMAÇÕES [main] org.apache.catalina.startup.VersionLoggerListener.log Command line argument: -Dcatalina.base=C:\bin\apache-tomcat-9.0.37
14-Sep-2020 00:59:46.381 INFORMAÇÕES [main] org.apache.catalina.startup.VersionLoggerListener.log Command line argument: -Dcatalina.home=C:\bin\apache-tomcat-9.0.37
14-Sep-2020 00:59:46.385 INFORMAÇÕES [main] org.apache.catalina.startup.VersionLoggerListener.log Command line argument: -Djava.io.tmpdir=C:\bin\apache-tomcat-9.0.37\temp
14-Sep-2020 00:59:46.387 INFORMAÇÕES [main] org.apache.catalina.core.AprLifecycleListener.lifecycleEvent The Apache Tomcat Native library which allows using OpenSSL was not found on the java.library.path: [C:\Program Files\Java\jre1.8.0_261\bin;C:\Windows\Sun\Java\bin;C:\Windows\system32;C:\Windows;C:\Program Files (x86)\Common Files\Oracle\Java\javapath;C:\Program Files (x86)\Intel\iCLS Client\;C:\Program Files\Intel\iCLS Client\;C:\Program Files (x86)\NVIDIA Corporation\PhysX\Common;C:\Windows\system32;C:\Windows;C:\Windows\System32\Wbem;C:\Windows\System32\WindowsPowerShell\v1.0\;C:\Windows\System32\OpenSSH\;C:\Program Files (x86)\Intel\Intel(R) Management Engine Components\DAL;C:\Program Files\Intel\Intel(R) Management Engine Components\DAL;C:\Program Files (x86)\Intel\Intel(R) Management Engine Components\IPT;C:\Program Files\Intel\Intel(R) Management Engine Components\IPT;C:\Program Files\SafeNet\Authentication\SAC\x64;C:\Program Files\SafeNet\Authentication\SAC\x32;C:\Program Files\nodejs\;C:\Program Files\Git\cmd;C:\Users\Thaysa Magalhães\AppData\Local\Microsoft\WindowsApps;C:\Users\Thaysa Magalhães\AppData\Local\Programs\Microsoft VS Code\bin;C:\Users\Thaysa Magalhães\AppData\Roaming\npm;C:\Program Files\apache-maven-3.6.3\bin;;.]
14-Sep-2020 00:59:46.788 INFORMAÇÕES [main] org.apache.coyote.AbstractProtocol.init Initializing ProtocolHandler ["http-nio-8080"]
14-Sep-2020 00:59:47.024 INFORMAÇÕES [main] org.apache.catalina.startup.Catalina.load Server initialization in [905] milliseconds
14-Sep-2020 00:59:47.059 INFORMAÇÕES [main] org.apache.catalina.core.StandardService.startInternal Starting service [Catalina]
14-Sep-2020 00:59:47.060 INFORMAÇÕES [main] org.apache.catalina.core.StandardEngine.startInternal Starting Servlet engine: [Apache Tomcat/9.0.37]
14-Sep-2020 00:59:47.401 INFORMAÇÕES [main] org.apache.jasper.servlet.TldScanner.scanJars At least one JAR was scanned for TLDs yet contained no TLDs. Enable debug logging for this logger for a complete list of JARs that were scanned but no TLDs were found in them. Skipping unneeded JARs during scanning can improve startup time and JSP compilation time.
14-Sep-2020 00:59:47.469 INFORMAÇÕES [main] org.apache.catalina.startup.HostConfig.deployWAR Deploying web application archive [C:\bin\apache-tomcat-9.0.37\webapps\projetoSelecao Servelet.war]
14-Sep-2020 00:59:47.589 INFORMAÇÕES [main] org.apache.jasper.servlet.TldScanner.scanJars At least one JAR was scanned for TLDs yet contained no TLDs. Enable debug logging for this logger for a complete list of JARs that were scanned but no TLDs were found in them. Skipping unneeded JARs during scanning can improve startup time and JSP compilation time.
14-Sep-2020 00:59:47.598 INFORMAÇÕES [main] org.apache.catalina.startup.HostConfig.deployWAR Deployment of web application archive [C:\bin\apache-tomcat-9.0.37\webapps\projetoSelecao Servelet.war] has finished in [126] ms
14-Sep-2020 00:59:47.599 INFORMAÇÕES [main] org.apache.catalina.startup.HostConfig.deployDirectory Diretório de instalação da aplicação web [C:\bin\apache-tomcat-9.0.37\webapps\arquivo_upload]
14-Sep-2020 00:59:47.628 INFORMAÇÕES [main] org.apache.catalina.startup.HostConfig.deployDirectory Deployment of web application directory [C:\bin\apache-tomcat-9.0.37\webapps\arquivo_upload] has finished in [28] ms
14-Sep-2020 00:59:47.629 INFORMAÇÕES [main] org.apache.catalina.startup.HostConfig.deployDirectory Diretório de instalação da aplicação web [C:\bin\apache-tomcat-9.0.37\webapps\docs]
14-Sep-2020 00:59:47.672 INFORMAÇÕES [main] org.apache.catalina.startup.HostConfig.deployDirectory Deployment of web application directory [C:\bin\apache-tomcat-9.0.37\webapps\docs] has finished in [44] ms
14-Sep-2020 00:59:47.673 INFORMAÇÕES [main] org.apache.catalina.startup.HostConfig.deployDirectory Diretório de instalação da aplicação web [C:\bin\apache-tomcat-9.0.37\webapps\examples]
14-Sep-2020 00:59:48.227 INFORMAÇÕES [main] org.apache.catalina.startup.HostConfig.deployDirectory Deployment of web application directory [C:\bin\apache-tomcat-9.0.37\webapps\examples] has finished in [554] ms
14-Sep-2020 00:59:48.228 INFORMAÇÕES [main] org.apache.catalina.startup.HostConfig.deployDirectory Diretório de instalação da aplicação web [C:\bin\apache-tomcat-9.0.37\webapps\host-manager]
14-Sep-2020 00:59:48.270 INFORMAÇÕES [main] org.apache.catalina.startup.HostConfig.deployDirectory Deployment of web application directory [C:\bin\apache-tomcat-9.0.37\webapps\host-manager] has finished in [42] ms
14-Sep-2020 00:59:48.271 INFORMAÇÕES [main] org.apache.catalina.startup.HostConfig.deployDirectory Diretório de instalação da aplicação web [C:\bin\apache-tomcat-9.0.37\webapps\manager]
14-Sep-2020 00:59:48.303 INFORMAÇÕES [main] org.apache.catalina.startup.HostConfig.deployDirectory Deployment of web application directory [C:\bin\apache-tomcat-9.0.37\webapps\manager] has finished in [31] ms
14-Sep-2020 00:59:48.304 INFORMAÇÕES [main] org.apache.catalina.startup.HostConfig.deployDirectory Diretório de instalação da aplicação web [C:\bin\apache-tomcat-9.0.37\webapps\ROOT]
14-Sep-2020 00:59:48.329 INFORMAÇÕES [main] org.apache.catalina.startup.HostConfig.deployDirectory Deployment of web application directory [C:\bin\apache-tomcat-9.0.37\webapps\ROOT] has finished in [26] ms
14-Sep-2020 00:59:48.333 INFORMAÇÕES [main] org.apache.coyote.AbstractProtocol.start Starting ProtocolHandler ["http-nio-8080"]
14-Sep-2020 00:59:48.342 INFORMAÇÕES [main] org.apache.catalina.startup.Catalina.start Server startup in [1318] milliseconds
14-Sep-2020 01:00:07.016 INFORMAÇÕES [http-nio-8080-exec-7] org.apache.catalina.startup.HostConfig.undeploy Undeploying context [/projetoSelecao Servelet]
14-Sep-2020 01:00:16.031 INFORMAÇÕES [http-nio-8080-exec-5] org.apache.catalina.startup.HostConfig.deployWAR Deploying web application archive [C:\bin\apache-tomcat-9.0.37\webapps\projetoSelecao Servelet.war]
14-Sep-2020 01:00:16.132 INFORMAÇÕES [http-nio-8080-exec-5] org.apache.jasper.servlet.TldScanner.scanJars At least one JAR was scanned for TLDs yet contained no TLDs. Enable debug logging for this logger for a complete list of JARs that were scanned but no TLDs were found in them. Skipping unneeded JARs during scanning can improve startup time and JSP compilation time.
14-Sep-2020 01:00:16.134 INFORMAÇÕES [http-nio-8080-exec-5] org.apache.catalina.startup.HostConfig.deployWAR Deployment of web application archive [C:\bin\apache-tomcat-9.0.37\webapps\projetoSelecao Servelet.war] has finished in [103] ms
14-Sep-2020 01:05:09.674 INFORMAÇÕES [main] org.apache.catalina.startup.VersionLoggerListener.log Server version name:   Apache Tomcat/9.0.37
14-Sep-2020 01:05:09.674 INFORMAÇÕES [main] org.apache.catalina.startup.VersionLoggerListener.log Server built:          Jun 30 2020 20:09:49 UTC
14-Sep-2020 01:05:09.674 INFORMAÇÕES [main] org.apache.catalina.startup.VersionLoggerListener.log Server version number: 9.0.37.0
14-Sep-2020 01:05:09.674 INFORMAÇÕES [main] org.apache.catalina.startup.VersionLoggerListener.log OS Name:               Windows 10
14-Sep-2020 01:05:09.674 INFORMAÇÕES [main] org.apache.catalina.startup.VersionLoggerListener.log OS Version:            10.0
14-Sep-2020 01:05:09.674 INFORMAÇÕES [main] org.apache.catalina.startup.VersionLoggerListener.log Architecture:          amd64
14-Sep-2020 01:05:09.674 INFORMAÇÕES [main] org.apache.catalina.startup.VersionLoggerListener.log Java Home:             C:\Program Files\Java\jre1.8.0_261
14-Sep-2020 01:05:09.674 INFORMAÇÕES [main] org.apache.catalina.startup.VersionLoggerListener.log JVM Version:           1.8.0_261-b12
14-Sep-2020 01:05:09.674 INFORMAÇÕES [main] org.apache.catalina.startup.VersionLoggerListener.log JVM Vendor:            Oracle Corporation
14-Sep-2020 01:05:09.674 INFORMAÇÕES [main] org.apache.catalina.startup.VersionLoggerListener.log CATALINA_BASE:         C:\bin\apache-tomcat-9.0.37
14-Sep-2020 01:05:09.674 INFORMAÇÕES [main] org.apache.catalina.startup.VersionLoggerListener.log CATALINA_HOME:         C:\bin\apache-tomcat-9.0.37
14-Sep-2020 01:05:09.690 INFORMAÇÕES [main] org.apache.catalina.startup.VersionLoggerListener.log Command line argument: -Djava.util.logging.config.file=C:\bin\apache-tomcat-9.0.37\conf\logging.properties
14-Sep-2020 01:05:09.690 INFORMAÇÕES [main] org.apache.catalina.startup.VersionLoggerListener.log Command line argument: -Djava.util.logging.manager=org.apache.juli.ClassLoaderLogManager
14-Sep-2020 01:05:09.690 INFORMAÇÕES [main] org.apache.catalina.startup.VersionLoggerListener.log Command line argument: -Djdk.tls.ephemeralDHKeySize=2048
14-Sep-2020 01:05:09.690 INFORMAÇÕES [main] org.apache.catalina.startup.VersionLoggerListener.log Command line argument: -Djava.protocol.handler.pkgs=org.apache.catalina.webresources
14-Sep-2020 01:05:09.690 INFORMAÇÕES [main] org.apache.catalina.startup.VersionLoggerListener.log Command line argument: -Dignore.endorsed.dirs=
14-Sep-2020 01:05:09.690 INFORMAÇÕES [main] org.apache.catalina.startup.VersionLoggerListener.log Command line argument: -Dcatalina.base=C:\bin\apache-tomcat-9.0.37
14-Sep-2020 01:05:09.690 INFORMAÇÕES [main] org.apache.catalina.startup.VersionLoggerListener.log Command line argument: -Dcatalina.home=C:\bin\apache-tomcat-9.0.37
14-Sep-2020 01:05:09.690 INFORMAÇÕES [main] org.apache.catalina.startup.VersionLoggerListener.log Command line argument: -Djava.io.tmpdir=C:\bin\apache-tomcat-9.0.37\temp
14-Sep-2020 01:05:09.690 INFORMAÇÕES [main] org.apache.catalina.core.AprLifecycleListener.lifecycleEvent The Apache Tomcat Native library which allows using OpenSSL was not found on the java.library.path: [C:\Program Files\Java\jre1.8.0_261\bin;C:\Windows\Sun\Java\bin;C:\Windows\system32;C:\Windows;C:\Program Files (x86)\Common Files\Oracle\Java\javapath;C:\Program Files (x86)\Intel\iCLS Client\;C:\Program Files\Intel\iCLS Client\;C:\Program Files (x86)\NVIDIA Corporation\PhysX\Common;C:\Windows\system32;C:\Windows;C:\Windows\System32\Wbem;C:\Windows\System32\WindowsPowerShell\v1.0\;C:\Windows\System32\OpenSSH\;C:\Program Files (x86)\Intel\Intel(R) Management Engine Components\DAL;C:\Program Files\Intel\Intel(R) Management Engine Components\DAL;C:\Program Files (x86)\Intel\Intel(R) Management Engine Components\IPT;C:\Program Files\Intel\Intel(R) Management Engine Components\IPT;C:\Program Files\SafeNet\Authentication\SAC\x64;C:\Program Files\SafeNet\Authentication\SAC\x32;C:\Program Files\nodejs\;C:\Program Files\Git\cmd;C:\Users\Thaysa Magalhães\AppData\Local\Microsoft\WindowsApps;C:\Users\Thaysa Magalhães\AppData\Local\Programs\Microsoft VS Code\bin;C:\Users\Thaysa Magalhães\AppData\Roaming\npm;C:\Program Files\apache-maven-3.6.3\bin;;.]
14-Sep-2020 01:05:10.112 INFORMAÇÕES [main] org.apache.coyote.AbstractProtocol.init Initializing ProtocolHandler ["http-nio-8080"]
14-Sep-2020 01:05:10.362 INFORMAÇÕES [main] org.apache.catalina.startup.Catalina.load Server initialization in [946] milliseconds
14-Sep-2020 01:05:10.393 INFORMAÇÕES [main] org.apache.catalina.core.StandardService.startInternal Starting service [Catalina]
14-Sep-2020 01:05:10.393 INFORMAÇÕES [main] org.apache.catalina.core.StandardEngine.startInternal Starting Servlet engine: [Apache Tomcat/9.0.37]
14-Sep-2020 01:05:10.690 INFORMAÇÕES [main] org.apache.jasper.servlet.TldScanner.scanJars At least one JAR was scanned for TLDs yet contained no TLDs. Enable debug logging for this logger for a complete list of JARs that were scanned but no TLDs were found in them. Skipping unneeded JARs during scanning can improve startup time and JSP compilation time.
14-Sep-2020 01:05:10.752 INFORMAÇÕES [main] org.apache.catalina.startup.HostConfig.deployWAR Deploying web application archive [C:\bin\apache-tomcat-9.0.37\webapps\projetoSelecao Servelet.war]
14-Sep-2020 01:05:10.846 INFORMAÇÕES [main] org.apache.jasper.servlet.TldScanner.scanJars At least one JAR was scanned for TLDs yet contained no TLDs. Enable debug logging for this logger for a complete list of JARs that were scanned but no TLDs were found in them. Skipping unneeded JARs during scanning can improve startup time and JSP compilation time.
14-Sep-2020 01:05:10.861 INFORMAÇÕES [main] org.apache.catalina.startup.HostConfig.deployWAR Deployment of web application archive [C:\bin\apache-tomcat-9.0.37\webapps\projetoSelecao Servelet.war] has finished in [109] ms
14-Sep-2020 01:05:10.861 INFORMAÇÕES [main] org.apache.catalina.startup.HostConfig.deployDirectory Diretório de instalação da aplicação web [C:\bin\apache-tomcat-9.0.37\webapps\arquivo_upload]
14-Sep-2020 01:05:10.893 INFORMAÇÕES [main] org.apache.catalina.startup.HostConfig.deployDirectory Deployment of web application directory [C:\bin\apache-tomcat-9.0.37\webapps\arquivo_upload] has finished in [32] ms
14-Sep-2020 01:05:10.893 INFORMAÇÕES [main] org.apache.catalina.startup.HostConfig.deployDirectory Diretório de instalação da aplicação web [C:\bin\apache-tomcat-9.0.37\webapps\docs]
14-Sep-2020 01:05:10.940 INFORMAÇÕES [main] org.apache.catalina.startup.HostConfig.deployDirectory Deployment of web application directory [C:\bin\apache-tomcat-9.0.37\webapps\docs] has finished in [47] ms
14-Sep-2020 01:05:10.940 INFORMAÇÕES [main] org.apache.catalina.startup.HostConfig.deployDirectory Diretório de instalação da aplicação web [C:\bin\apache-tomcat-9.0.37\webapps\examples]
14-Sep-2020 01:05:11.283 INFORMAÇÕES [main] org.apache.catalina.startup.HostConfig.deployDirectory Deployment of web application directory [C:\bin\apache-tomcat-9.0.37\webapps\examples] has finished in [343] ms
14-Sep-2020 01:05:11.283 INFORMAÇÕES [main] org.apache.catalina.startup.HostConfig.deployDirectory Diretório de instalação da aplicação web [C:\bin\apache-tomcat-9.0.37\webapps\host-manager]
14-Sep-2020 01:05:11.314 INFORMAÇÕES [main] org.apache.catalina.startup.HostConfig.deployDirectory Deployment of web application directory [C:\bin\apache-tomcat-9.0.37\webapps\host-manager] has finished in [31] ms
14-Sep-2020 01:05:11.330 INFORMAÇÕES [main] org.apache.catalina.startup.HostConfig.deployDirectory Diretório de instalação da aplicação web [C:\bin\apache-tomcat-9.0.37\webapps\manager]
14-Sep-2020 01:05:11.361 INFORMAÇÕES [main] org.apache.catalina.startup.HostConfig.deployDirectory Deployment of web application directory [C:\bin\apache-tomcat-9.0.37\webapps\manager] has finished in [31] ms
14-Sep-2020 01:05:11.361 INFORMAÇÕES [main] org.apache.catalina.startup.HostConfig.deployDirectory Diretório de instalação da aplicação web [C:\bin\apache-tomcat-9.0.37\webapps\ROOT]
14-Sep-2020 01:05:11.393 INFORMAÇÕES [main] org.apache.catalina.startup.HostConfig.deployDirectory Deployment of web application directory [C:\bin\apache-tomcat-9.0.37\webapps\ROOT] has finished in [32] ms
14-Sep-2020 01:05:11.393 INFORMAÇÕES [main] org.apache.coyote.AbstractProtocol.start Starting ProtocolHandler ["http-nio-8080"]
14-Sep-2020 01:05:11.408 INFORMAÇÕES [main] org.apache.catalina.startup.Catalina.start Server startup in [1046] milliseconds
14-Sep-2020 08:07:07.306 INFORMAÇÕES [main] org.apache.catalina.startup.VersionLoggerListener.log Server version name:   Apache Tomcat/9.0.37
14-Sep-2020 08:07:07.306 INFORMAÇÕES [main] org.apache.catalina.startup.VersionLoggerListener.log Server built:          Jun 30 2020 20:09:49 UTC
14-Sep-2020 08:07:07.306 INFORMAÇÕES [main] org.apache.catalina.startup.VersionLoggerListener.log Server version number: 9.0.37.0
14-Sep-2020 08:07:07.306 INFORMAÇÕES [main] org.apache.catalina.startup.VersionLoggerListener.log OS Name:               Windows 10
14-Sep-2020 08:07:07.306 INFORMAÇÕES [main] org.apache.catalina.startup.VersionLoggerListener.log OS Version:            10.0
14-Sep-2020 08:07:07.306 INFORMAÇÕES [main] org.apache.catalina.startup.VersionLoggerListener.log Architecture:          amd64
14-Sep-2020 08:07:07.306 INFORMAÇÕES [main] org.apache.catalina.startup.VersionLoggerListener.log Java Home:             C:\Program Files\Java\jre1.8.0_261
14-Sep-2020 08:07:07.306 INFORMAÇÕES [main] org.apache.catalina.startup.VersionLoggerListener.log JVM Version:           1.8.0_261-b12
14-Sep-2020 08:07:07.306 INFORMAÇÕES [main] org.apache.catalina.startup.VersionLoggerListener.log JVM Vendor:            Oracle Corporation
14-Sep-2020 08:07:07.306 INFORMAÇÕES [main] org.apache.catalina.startup.VersionLoggerListener.log CATALINA_BASE:         C:\bin\apache-tomcat-9.0.37
14-Sep-2020 08:07:07.306 INFORMAÇÕES [main] org.apache.catalina.startup.VersionLoggerListener.log CATALINA_HOME:         C:\bin\apache-tomcat-9.0.37
14-Sep-2020 08:07:07.306 INFORMAÇÕES [main] org.apache.catalina.startup.VersionLoggerListener.log Command line argument: -Djava.util.logging.config.file=C:\bin\apache-tomcat-9.0.37\conf\logging.properties
14-Sep-2020 08:07:07.306 INFORMAÇÕES [main] org.apache.catalina.startup.VersionLoggerListener.log Command line argument: -Djava.util.logging.manager=org.apache.juli.ClassLoaderLogManager
14-Sep-2020 08:07:07.306 INFORMAÇÕES [main] org.apache.catalina.startup.VersionLoggerListener.log Command line argument: -Djdk.tls.ephemeralDHKeySize=2048
14-Sep-2020 08:07:07.306 INFORMAÇÕES [main] org.apache.catalina.startup.VersionLoggerListener.log Command line argument: -Djava.protocol.handler.pkgs=org.apache.catalina.webresources
14-Sep-2020 08:07:07.306 INFORMAÇÕES [main] org.apache.catalina.startup.VersionLoggerListener.log Command line argument: -Dignore.endorsed.dirs=
14-Sep-2020 08:07:07.306 INFORMAÇÕES [main] org.apache.catalina.startup.VersionLoggerListener.log Command line argument: -Dcatalina.base=C:\bin\apache-tomcat-9.0.37
14-Sep-2020 08:07:07.322 INFORMAÇÕES [main] org.apache.catalina.startup.VersionLoggerListener.log Command line argument: -Dcatalina.home=C:\bin\apache-tomcat-9.0.37
14-Sep-2020 08:07:07.322 INFORMAÇÕES [main] org.apache.catalina.startup.VersionLoggerListener.log Command line argument: -Djava.io.tmpdir=C:\bin\apache-tomcat-9.0.37\temp
14-Sep-2020 08:07:07.322 INFORMAÇÕES [main] org.apache.catalina.core.AprLifecycleListener.lifecycleEvent The Apache Tomcat Native library which allows using OpenSSL was not found on the java.library.path: [C:\Program Files\Java\jre1.8.0_261\bin;C:\Windows\Sun\Java\bin;C:\Windows\system32;C:\Windows;C:\Program Files (x86)\Common Files\Oracle\Java\javapath;C:\Program Files (x86)\Intel\iCLS Client\;C:\Program Files\Intel\iCLS Client\;C:\Program Files (x86)\NVIDIA Corporation\PhysX\Common;C:\Windows\system32;C:\Windows;C:\Windows\System32\Wbem;C:\Windows\System32\WindowsPowerShell\v1.0\;C:\Windows\System32\OpenSSH\;C:\Program Files (x86)\Intel\Intel(R) Management Engine Components\DAL;C:\Program Files\Intel\Intel(R) Management Engine Components\DAL;C:\Program Files (x86)\Intel\Intel(R) Management Engine Components\IPT;C:\Program Files\Intel\Intel(R) Management Engine Components\IPT;C:\Program Files\SafeNet\Authentication\SAC\x64;C:\Program Files\SafeNet\Authentication\SAC\x32;C:\Program Files\nodejs\;C:\Program Files\Git\cmd;C:\Users\Thaysa Magalhães\AppData\Local\Microsoft\WindowsApps;C:\Users\Thaysa Magalhães\AppData\Local\Programs\Microsoft VS Code\bin;C:\Users\Thaysa Magalhães\AppData\Roaming\npm;C:\Program Files\apache-maven-3.6.3\bin;;.]
14-Sep-2020 08:07:07.713 INFORMAÇÕES [main] org.apache.coyote.AbstractProtocol.init Initializing ProtocolHandler ["http-nio-8080"]
14-Sep-2020 08:07:07.963 INFORMAÇÕES [main] org.apache.catalina.startup.Catalina.load Server initialization in [913] milliseconds
14-Sep-2020 08:07:07.994 INFORMAÇÕES [main] org.apache.catalina.core.StandardService.startInternal Starting service [Catalina]
14-Sep-2020 08:07:07.994 INFORMAÇÕES [main] org.apache.catalina.core.StandardEngine.startInternal Starting Servlet engine: [Apache Tomcat/9.0.37]
14-Sep-2020 08:07:08.306 INFORMAÇÕES [main] org.apache.jasper.servlet.TldScanner.scanJars At least one JAR was scanned for TLDs yet contained no TLDs. Enable debug logging for this logger for a complete list of JARs that were scanned but no TLDs were found in them. Skipping unneeded JARs during scanning can improve startup time and JSP compilation time.
14-Sep-2020 08:07:08.369 INFORMAÇÕES [main] org.apache.catalina.startup.HostConfig.deployWAR Deploying web application archive [C:\bin\apache-tomcat-9.0.37\webapps\projetoSelecao Servelet.war]
14-Sep-2020 08:07:08.478 INFORMAÇÕES [main] org.apache.jasper.servlet.TldScanner.scanJars At least one JAR was scanned for TLDs yet contained no TLDs. Enable debug logging for this logger for a complete list of JARs that were scanned but no TLDs were found in them. Skipping unneeded JARs during scanning can improve startup time and JSP compilation time.
14-Sep-2020 08:07:08.494 INFORMAÇÕES [main] org.apache.catalina.startup.HostConfig.deployWAR Deployment of web application archive [C:\bin\apache-tomcat-9.0.37\webapps\projetoSelecao Servelet.war] has finished in [125] ms
14-Sep-2020 08:07:08.494 INFORMAÇÕES [main] org.apache.catalina.startup.HostConfig.deployDirectory Diretório de instalação da aplicação web [C:\bin\apache-tomcat-9.0.37\webapps\arquivo_upload]
14-Sep-2020 08:07:08.525 INFORMAÇÕES [main] org.apache.catalina.startup.HostConfig.deployDirectory Deployment of web application directory [C:\bin\apache-tomcat-9.0.37\webapps\arquivo_upload] has finished in [31] ms
14-Sep-2020 08:07:08.525 INFORMAÇÕES [main] org.apache.catalina.startup.HostConfig.deployDirectory Diretório de instalação da aplicação web [C:\bin\apache-tomcat-9.0.37\webapps\docs]
14-Sep-2020 08:07:08.572 INFORMAÇÕES [main] org.apache.catalina.startup.HostConfig.deployDirectory Deployment of web application directory [C:\bin\apache-tomcat-9.0.37\webapps\docs] has finished in [47] ms
14-Sep-2020 08:07:08.572 INFORMAÇÕES [main] org.apache.catalina.startup.HostConfig.deployDirectory Diretório de instalação da aplicação web [C:\bin\apache-tomcat-9.0.37\webapps\examples]
14-Sep-2020 08:07:09.134 INFORMAÇÕES [main] org.apache.catalina.startup.HostConfig.deployDirectory Deployment of web application directory [C:\bin\apache-tomcat-9.0.37\webapps\examples] has finished in [562] ms
14-Sep-2020 08:07:09.134 INFORMAÇÕES [main] org.apache.catalina.startup.HostConfig.deployDirectory Diretório de instalação da aplicação web [C:\bin\apache-tomcat-9.0.37\webapps\host-manager]
14-Sep-2020 08:07:09.165 INFORMAÇÕES [main] org.apache.catalina.startup.HostConfig.deployDirectory Deployment of web application directory [C:\bin\apache-tomcat-9.0.37\webapps\host-manager] has finished in [31] ms
14-Sep-2020 08:07:09.165 INFORMAÇÕES [main] org.apache.catalina.startup.HostConfig.deployDirectory Diretório de instalação da aplicação web [C:\bin\apache-tomcat-9.0.37\webapps\manager]
14-Sep-2020 08:07:09.197 INFORMAÇÕES [main] org.apache.catalina.startup.HostConfig.deployDirectory Deployment of web application directory [C:\bin\apache-tomcat-9.0.37\webapps\manager] has finished in [32] ms
14-Sep-2020 08:07:09.212 INFORMAÇÕES [main] org.apache.catalina.startup.HostConfig.deployDirectory Diretório de instalação da aplicação web [C:\bin\apache-tomcat-9.0.37\webapps\ROOT]
14-Sep-2020 08:07:09.228 INFORMAÇÕES [main] org.apache.catalina.startup.HostConfig.deployDirectory Deployment of web application directory [C:\bin\apache-tomcat-9.0.37\webapps\ROOT] has finished in [16] ms
14-Sep-2020 08:07:09.243 INFORMAÇÕES [main] org.apache.coyote.AbstractProtocol.start Starting ProtocolHandler ["http-nio-8080"]
14-Sep-2020 08:07:09.243 INFORMAÇÕES [main] org.apache.catalina.startup.Catalina.start Server startup in [1287] milliseconds
14-Sep-2020 08:10:21.802 INFORMAÇÕES [http-nio-8080-exec-13] org.apache.catalina.startup.HostConfig.undeploy Undeploying context [/projetoSelecao Servelet]
14-Sep-2020 08:10:30.291 INFORMAÇÕES [http-nio-8080-exec-12] org.apache.catalina.startup.HostConfig.deployWAR Deploying web application archive [C:\bin\apache-tomcat-9.0.37\webapps\projetoSelecao Servelet.war]
14-Sep-2020 08:10:30.395 INFORMAÇÕES [http-nio-8080-exec-12] org.apache.jasper.servlet.TldScanner.scanJars At least one JAR was scanned for TLDs yet contained no TLDs. Enable debug logging for this logger for a complete list of JARs that were scanned but no TLDs were found in them. Skipping unneeded JARs during scanning can improve startup time and JSP compilation time.
14-Sep-2020 08:10:30.400 INFORMAÇÕES [http-nio-8080-exec-12] org.apache.catalina.startup.HostConfig.deployWAR Deployment of web application archive [C:\bin\apache-tomcat-9.0.37\webapps\projetoSelecao Servelet.war] has finished in [109] ms
